1744109474628	geckodriver	INFO	Listening on 127.0.0.1:53687
1744109477670	mozrunner::runner	INFO	Running command: "C:\\Users\\PeeBaNko\\.cache\\selenium\\firefox\\win64\\137.0\\firefox.exe" "--marionette" "--remote-debuggi ... "--remote-allow-hosts" "localhost" "-no-remote" "-profile" "C:\\Users\\PeeBaNko\\AppData\\Local\\Temp\\rust_mozprofile1W6b7G"
console.warn: services.settings: Ignoring preference override of remote settings server
console.warn: services.settings: Allow by setting MOZ_REMOTE_SETTINGS_DEVTOOLS=1 in the environment
Dynamically enable window occlusion 0
1744109477815	Marionette	INFO	Marionette enabled
1744109477868	Marionette	INFO	Listening on port 53697
Read port: 53697
WebDriver BiDi listening on ws://127.0.0.1:53688
1744109477894	RemoteAgent	WARN	TLS certificate errors will be ignored for this session
DevTools listening on ws://127.0.0.1:53688/devtools/browser/d4a1dbe0-5566-4093-bb3e-a1755e7347e7
console.warn: LoginRecipes: "Falling back to a synchronous message for: http://the-internet.herokuapp.com."
console.warn: LoginRecipes: "Falling back to a synchronous message for: http://the-internet.herokuapp.com."
console.warn: WindowsJumpLists: "Failed to fetch favicon for " "http://the-internet.herokuapp.com/login" ({})
console.warn: WindowsJumpLists: "Failed to fetch favicon for " "http://the-internet.herokuapp.com/login" ({})
console.warn: WindowsJumpLists: "Failed to fetch favicon for " "http://the-internet.herokuapp.com/login" ({})
console.warn: WindowsJumpLists: "Failed to fetch favicon for " "http://the-internet.herokuapp.com/login" ({})
console.warn: WindowsJumpLists: "Failed to fetch favicon for " "http://the-internet.herokuapp.com/login" ({})
console.warn: WindowsJumpLists: "Failed to fetch favicon for " "http://the-internet.herokuapp.com/login" ({})
console.warn: WindowsJumpLists: "Failed to fetch favicon for " "http://the-internet.herokuapp.com/login" ({})
console.warn: WindowsJumpLists: "Failed to fetch favicon for " "http://the-internet.herokuapp.com/login" ({})
console.warn: WindowsJumpLists: "Failed to fetch favicon for " "http://the-internet.herokuapp.com/login" ({})
console.warn: WindowsJumpLists: "Failed to fetch favicon for " "http://the-internet.herokuapp.com/login" ({})
console.warn: WindowsJumpLists: "Failed to fetch favicon for " "http://the-internet.herokuapp.com/login" ({})
console.warn: WindowsJumpLists: "Failed to fetch favicon for " "http://the-internet.herokuapp.com/login" ({})
console.warn: WindowsJumpLists: "Failed to fetch favicon for " "http://the-internet.herokuapp.com/login" ({})
console.warn: WindowsJumpLists: "Failed to fetch favicon for " "http://the-internet.herokuapp.com/login" ({})
console.warn: WindowsJumpLists: "Failed to fetch favicon for " "http://the-internet.herokuapp.com/login" ({})
console.warn: WindowsJumpLists: "Failed to fetch favicon for " "http://the-internet.herokuapp.com/login" ({})
console.warn: WindowsJumpLists: "Failed to fetch favicon for " "http://the-internet.herokuapp.com/login" ({})
console.warn: WindowsJumpLists: "Failed to fetch favicon for " "http://the-internet.herokuapp.com/login" ({})
console.warn: WindowsJumpLists: "Failed to fetch favicon for " "http://the-internet.herokuapp.com/login" ({})
console.warn: WindowsJumpLists: "Failed to fetch favicon for " "http://the-internet.herokuapp.com/login" ({})
console.warn: WindowsJumpLists: "Failed to fetch favicon for " "http://the-internet.herokuapp.com/login" ({})
console.warn: WindowsJumpLists: "Failed to fetch favicon for " "http://the-internet.herokuapp.com/login" ({})
console.warn: WindowsJumpLists: "Failed to fetch favicon for " "http://the-internet.herokuapp.com/login" ({})
console.warn: WindowsJumpLists: "Failed to fetch favicon for " "http://the-internet.herokuapp.com/login" ({})
console.warn: WindowsJumpLists: "Failed to fetch favicon for " "http://the-internet.herokuapp.com/login" ({})
console.warn: WindowsJumpLists: "Failed to fetch favicon for " "http://the-internet.herokuapp.com/login" ({})
console.warn: WindowsJumpLists: "Failed to fetch favicon for " "http://the-internet.herokuapp.com/login" ({})
console.warn: WindowsJumpLists: "Failed to fetch favicon for " "http://the-internet.herokuapp.com/login" ({})
console.warn: WindowsJumpLists: "Failed to fetch favicon for " "http://the-internet.herokuapp.com/login" ({})
console.warn: WindowsJumpLists: "Failed to fetch favicon for " "http://the-internet.herokuapp.com/login" ({})
JavaScript error: , line 0: NS_ERROR_NOT_AVAILABLE
console.warn: WindowsJumpLists: "Failed to fetch favicon for " "http://the-internet.herokuapp.com/login" ({})
console.warn: WindowsJumpLists: "Failed to fetch favicon for " "http://the-internet.herokuapp.com/login" ({})
console.warn: WindowsJumpLists: "Failed to fetch favicon for " "http://the-internet.herokuapp.com/login" ({})
console.warn: WindowsJumpLists: "Failed to fetch favicon for " "http://the-internet.herokuapp.com/login" ({})
console.warn: WindowsJumpLists: "Failed to fetch favicon for " "http://the-internet.herokuapp.com/login" ({})
console.warn: WindowsJumpLists: "Failed to fetch favicon for " "http://the-internet.herokuapp.com/login" ({})
console.warn: WindowsJumpLists: "Failed to fetch favicon for " "http://the-internet.herokuapp.com/login" ({})
console.warn: WindowsJumpLists: "Failed to fetch favicon for " "http://the-internet.herokuapp.com/login" ({})
console.warn: WindowsJumpLists: "Failed to fetch favicon for " "http://the-internet.herokuapp.com/login" ({})
console.warn: WindowsJumpLists: "Failed to fetch favicon for " "http://the-internet.herokuapp.com/login" ({})
console.warn: WindowsJumpLists: "Failed to fetch favicon for " "http://the-internet.herokuapp.com/login" ({})
console.warn: WindowsJumpLists: "Failed to fetch favicon for " "http://the-internet.herokuapp.com/login" ({})
console.warn: WindowsJumpLists: "Failed to fetch favicon for " "http://the-internet.herokuapp.com/login" ({})
console.warn: WindowsJumpLists: "Failed to fetch favicon for " "http://the-internet.herokuapp.com/login" ({})
console.warn: WindowsJumpLists: "Failed to fetch favicon for " "http://the-internet.herokuapp.com/login" ({})
console.warn: WindowsJumpLists: "Failed to fetch favicon for " "http://the-internet.herokuapp.com/login" ({})
console.warn: WindowsJumpLists: "Failed to fetch favicon for " "http://the-internet.herokuapp.com/login" ({})
console.warn: WindowsJumpLists: "Failed to fetch favicon for " "http://the-internet.herokuapp.com/login" ({})
console.warn: WindowsJumpLists: "Failed to fetch favicon for " "http://the-internet.herokuapp.com/login" ({})
console.warn: WindowsJumpLists: "Failed to fetch favicon for " "http://the-internet.herokuapp.com/login" ({})
console.warn: WindowsJumpLists: "Failed to fetch favicon for " "http://the-internet.herokuapp.com/login" ({})
console.warn: WindowsJumpLists: "Failed to fetch favicon for " "http://the-internet.herokuapp.com/login" ({})
console.warn: WindowsJumpLists: "Failed to fetch favicon for " "http://the-internet.herokuapp.com/login" ({})
console.warn: WindowsJumpLists: "Failed to fetch favicon for " "http://the-internet.herokuapp.com/login" ({})
console.warn: WindowsJumpLists: "Failed to fetch favicon for " "http://the-internet.herokuapp.com/login" ({})
console.error: "buildList failed: " ({})
console.warn: WindowsJumpLists: "Failed to fetch favicon for " "http://the-internet.herokuapp.com/login" ({})
console.warn: WindowsJumpLists: "Failed to fetch favicon for " "http://the-internet.herokuapp.com/login" ({})
console.warn: WindowsJumpLists: "Failed to fetch favicon for " "http://the-internet.herokuapp.com/login" ({})
console.warn: WindowsJumpLists: "Failed to fetch favicon for " "http://the-internet.herokuapp.com/login" ({})
console.warn: WindowsJumpLists: "Failed to fetch favicon for " "http://the-internet.herokuapp.com/login" ({})
console.warn: WindowsJumpLists: "Failed to fetch favicon for " "http://the-internet.herokuapp.com/login" ({})
console.warn: WindowsJumpLists: "Failed to fetch favicon for " "http://the-internet.herokuapp.com/login" ({})
console.warn: WindowsJumpLists: "Failed to fetch favicon for " "http://the-internet.herokuapp.com/login" ({})
console.warn: WindowsJumpLists: "Failed to fetch favicon for " "http://the-internet.herokuapp.com/login" ({})
console.warn: WindowsJumpLists: "Failed to fetch favicon for " "http://the-internet.herokuapp.com/login" ({})
console.warn: WindowsJumpLists: "Failed to fetch favicon for " "http://the-internet.herokuapp.com/login" ({})
console.warn: WindowsJumpLists: "Failed to fetch favicon for " "http://the-internet.herokuapp.com/login" ({})
console.warn: WindowsJumpLists: "Failed to fetch favicon for " "http://the-internet.herokuapp.com/login" ({})
console.warn: WindowsJumpLists: "Failed to fetch favicon for " "http://the-internet.herokuapp.com/login" ({})
console.warn: WindowsJumpLists: "Failed to fetch favicon for " "http://the-internet.herokuapp.com/login" ({})
Exiting due to channel error.
