1744110014921	geckodriver	INFO	Listening on 127.0.0.1:54429
1744110017970	mozrunner::runner	INFO	Running command: "C:\\Users\\PeeBaNko\\.cache\\selenium\\firefox\\win64\\137.0\\firefox.exe" "--marionette" "--remote-debuggi ... "--remote-allow-hosts" "localhost" "-no-remote" "-profile" "C:\\Users\\PeeBaNko\\AppData\\Local\\Temp\\rust_mozprofilen25TGW"
console.warn: services.settings: Ignoring preference override of remote settings server
console.warn: services.settings: Allow by setting MOZ_REMOTE_SETTINGS_DEVTOOLS=1 in the environment
Dynamically enable window occlusion 0
1744110018114	Marionette	INFO	Marionette enabled
1744110018166	Marionette	INFO	Listening on port 54441
Read port: 54441
WebDriver BiDi listening on ws://127.0.0.1:54430
1744110018192	RemoteAgent	WARN	TLS certificate errors will be ignored for this session
DevTools listening on ws://127.0.0.1:54430/devtools/browser/c6cfb59c-6c4d-4b2d-a8a5-6e953cbfafba
console.warn: LoginRecipes: "Falling back to a synchronous message for: http://the-internet.herokuapp.com."
console.warn: LoginRecipes: "Falling back to a synchronous message for: http://the-internet.herokuapp.com."
console.warn: WindowsJumpLists: "Failed to fetch favicon for " "http://the-internet.herokuapp.com/login" ({})
console.warn: WindowsJumpLists: "Failed to fetch favicon for " "http://the-internet.herokuapp.com/login" ({})
console.warn: WindowsJumpLists: "Failed to fetch favicon for " "http://the-internet.herokuapp.com/login" ({})
console.warn: WindowsJumpLists: "Failed to fetch favicon for " "http://the-internet.herokuapp.com/login" ({})
console.warn: WindowsJumpLists: "Failed to fetch favicon for " "http://the-internet.herokuapp.com/login" ({})
console.warn: WindowsJumpLists: "Failed to fetch favicon for " "http://the-internet.herokuapp.com/login" ({})
console.warn: WindowsJumpLists: "Failed to fetch favicon for " "http://the-internet.herokuapp.com/login" ({})
console.warn: WindowsJumpLists: "Failed to fetch favicon for " "http://the-internet.herokuapp.com/login" ({})
console.warn: WindowsJumpLists: "Failed to fetch favicon for " "http://the-internet.herokuapp.com/login" ({})
console.warn: WindowsJumpLists: "Failed to fetch favicon for " "http://the-internet.herokuapp.com/login" ({})
console.warn: WindowsJumpLists: "Failed to fetch favicon for " "http://the-internet.herokuapp.com/login" ({})
console.warn: WindowsJumpLists: "Failed to fetch favicon for " "http://the-internet.herokuapp.com/login" ({})
console.warn: WindowsJumpLists: "Failed to fetch favicon for " "http://the-internet.herokuapp.com/login" ({})
console.error: "buildList failed: " ({})
console.warn: WindowsJumpLists: "Failed to fetch favicon for " "http://the-internet.herokuapp.com/login" ({})
console.warn: WindowsJumpLists: "Failed to fetch favicon for " "http://the-internet.herokuapp.com/login" ({})
console.warn: WindowsJumpLists: "Failed to fetch favicon for " "http://the-internet.herokuapp.com/login" ({})
console.warn: WindowsJumpLists: "Failed to fetch favicon for " "http://the-internet.herokuapp.com/login" ({})
console.warn: WindowsJumpLists: "Failed to fetch favicon for " "http://the-internet.herokuapp.com/login" ({})
console.warn: WindowsJumpLists: "Failed to fetch favicon for " "http://the-internet.herokuapp.com/login" ({})
console.warn: WindowsJumpLists: "Failed to fetch favicon for " "http://the-internet.herokuapp.com/login" ({})
console.warn: WindowsJumpLists: "Failed to fetch favicon for " "http://the-internet.herokuapp.com/login" ({})
console.warn: WindowsJumpLists: "Failed to fetch favicon for " "http://the-internet.herokuapp.com/login" ({})
console.warn: WindowsJumpLists: "Failed to fetch favicon for " "http://the-internet.herokuapp.com/login" ({})
console.warn: WindowsJumpLists: "Failed to fetch favicon for " "http://the-internet.herokuapp.com/login" ({})
console.warn: WindowsJumpLists: "Failed to fetch favicon for " "http://the-internet.herokuapp.com/login" ({})
console.warn: WindowsJumpLists: "Failed to fetch favicon for " "http://the-internet.herokuapp.com/login" ({})
console.warn: WindowsJumpLists: "Failed to fetch favicon for " "http://the-internet.herokuapp.com/login" ({})
console.warn: WindowsJumpLists: "Failed to fetch favicon for " "http://the-internet.herokuapp.com/login" ({})
console.warn: WindowsJumpLists: "Failed to fetch favicon for " "http://the-internet.herokuapp.com/login" ({})
console.warn: WindowsJumpLists: "Failed to fetch favicon for " "http://the-internet.herokuapp.com/login" ({})
JavaScript error: , line 0: NS_ERROR_NOT_AVAILABLE
console.warn: WindowsJumpLists: "Failed to fetch favicon for " "http://the-internet.herokuapp.com/login" ({})
console.warn: WindowsJumpLists: "Failed to fetch favicon for " "http://the-internet.herokuapp.com/login" ({})
console.warn: WindowsJumpLists: "Failed to fetch favicon for " "http://the-internet.herokuapp.com/login" ({})
console.warn: WindowsJumpLists: "Failed to fetch favicon for " "http://the-internet.herokuapp.com/login" ({})
console.warn: WindowsJumpLists: "Failed to fetch favicon for " "http://the-internet.herokuapp.com/login" ({})
console.warn: WindowsJumpLists: "Failed to fetch favicon for " "http://the-internet.herokuapp.com/login" ({})
console.warn: WindowsJumpLists: "Failed to fetch favicon for " "http://the-internet.herokuapp.com/login" ({})
console.warn: WindowsJumpLists: "Failed to fetch favicon for " "http://the-internet.herokuapp.com/login" ({})
console.warn: WindowsJumpLists: "Failed to fetch favicon for " "http://the-internet.herokuapp.com/login" ({})
console.warn: WindowsJumpLists: "Failed to fetch favicon for " "http://the-internet.herokuapp.com/login" ({})
console.warn: WindowsJumpLists: "Failed to fetch favicon for " "http://the-internet.herokuapp.com/login" ({})
console.warn: WindowsJumpLists: "Failed to fetch favicon for " "http://the-internet.herokuapp.com/login" ({})
console.warn: WindowsJumpLists: "Failed to fetch favicon for " "http://the-internet.herokuapp.com/login" ({})
console.warn: WindowsJumpLists: "Failed to fetch favicon for " "http://the-internet.herokuapp.com/login" ({})
console.warn: WindowsJumpLists: "Failed to fetch favicon for " "http://the-internet.herokuapp.com/login" ({})
console.warn: WindowsJumpLists: "Failed to fetch favicon for " "http://the-internet.herokuapp.com/login" ({})
console.warn: WindowsJumpLists: "Failed to fetch favicon for " "http://the-internet.herokuapp.com/login" ({})
console.warn: WindowsJumpLists: "Failed to fetch favicon for " "http://the-internet.herokuapp.com/login" ({})
console.warn: WindowsJumpLists: "Failed to fetch favicon for " "http://the-internet.herokuapp.com/login" ({})
console.warn: WindowsJumpLists: "Failed to fetch favicon for " "http://the-internet.herokuapp.com/login" ({})
console.warn: WindowsJumpLists: "Failed to fetch favicon for " "http://the-internet.herokuapp.com/login" ({})
console.warn: WindowsJumpLists: "Failed to fetch favicon for " "http://the-internet.herokuapp.com/login" ({})
console.warn: WindowsJumpLists: "Failed to fetch favicon for " "http://the-internet.herokuapp.com/login" ({})
console.warn: WindowsJumpLists: "Failed to fetch favicon for " "http://the-internet.herokuapp.com/login" ({})
console.warn: WindowsJumpLists: "Failed to fetch favicon for " "http://the-internet.herokuapp.com/login" ({})
console.warn: WindowsJumpLists: "Failed to fetch favicon for " "http://the-internet.herokuapp.com/login" ({})
console.warn: WindowsJumpLists: "Failed to fetch favicon for " "http://the-internet.herokuapp.com/login" ({})
console.warn: WindowsJumpLists: "Failed to fetch favicon for " "http://the-internet.herokuapp.com/login" ({})
console.warn: WindowsJumpLists: "Failed to fetch favicon for " "http://the-internet.herokuapp.com/login" ({})
console.warn: WindowsJumpLists: "Failed to fetch favicon for " "http://the-internet.herokuapp.com/login" ({})
console.warn: WindowsJumpLists: "Failed to fetch favicon for " "http://the-internet.herokuapp.com/login" ({})
console.warn: WindowsJumpLists: "Failed to fetch favicon for " "http://the-internet.herokuapp.com/login" ({})
console.warn: WindowsJumpLists: "Failed to fetch favicon for " "http://the-internet.herokuapp.com/login" ({})
console.warn: WindowsJumpLists: "Failed to fetch favicon for " "http://the-internet.herokuapp.com/login" ({})
console.warn: WindowsJumpLists: "Failed to fetch favicon for " "http://the-internet.herokuapp.com/login" ({})
console.warn: WindowsJumpLists: "Failed to fetch favicon for " "http://the-internet.herokuapp.com/login" ({})
