1744109288081	geckodriver	INFO	Listening on 127.0.0.1:53469
1744109291129	mozrunner::runner	INFO	Running command: "C:\\Users\\PeeBaNko\\.cache\\selenium\\firefox\\win64\\137.0\\firefox.exe" "--marionette" "--remote-debuggi ... "--remote-allow-hosts" "localhost" "-no-remote" "-profile" "C:\\Users\\PeeBaNko\\AppData\\Local\\Temp\\rust_mozprofileDqGL3B"
console.warn: services.settings: Ignoring preference override of remote settings server
console.warn: services.settings: Allow by setting MOZ_REMOTE_SETTINGS_DEVTOOLS=1 in the environment
Dynamically enable window occlusion 0
1744109291272	Marionette	INFO	Marionette enabled
1744109291324	Marionette	INFO	Listening on port 53480
WebDriver BiDi listening on ws://127.0.0.1:53470
Read port: 53480
1744109291351	RemoteAgent	WARN	TLS certificate errors will be ignored for this session
DevTools listening on ws://127.0.0.1:53470/devtools/browser/ce10a862-5fce-4d13-85b6-b53cd71c3d7b
console.warn: LoginRecipes: "Falling back to a synchronous message for: http://the-internet.herokuapp.com."
console.warn: LoginRecipes: "Falling back to a synchronous message for: http://the-internet.herokuapp.com."
console.warn: WindowsJumpLists: "Failed to fetch favicon for " "http://the-internet.herokuapp.com/login" ({})
console.warn: WindowsJumpLists: "Failed to fetch favicon for " "http://the-internet.herokuapp.com/login" ({})
console.warn: WindowsJumpLists: "Failed to fetch favicon for " "http://the-internet.herokuapp.com/login" ({})
console.warn: WindowsJumpLists: "Failed to fetch favicon for " "http://the-internet.herokuapp.com/login" ({})
console.warn: WindowsJumpLists: "Failed to fetch favicon for " "http://the-internet.herokuapp.com/login" ({})
console.warn: WindowsJumpLists: "Failed to fetch favicon for " "http://the-internet.herokuapp.com/login" ({})
console.warn: WindowsJumpLists: "Failed to fetch favicon for " "http://the-internet.herokuapp.com/login" ({})
console.warn: WindowsJumpLists: "Failed to fetch favicon for " "http://the-internet.herokuapp.com/login" ({})
console.warn: WindowsJumpLists: "Failed to fetch favicon for " "http://the-internet.herokuapp.com/login" ({})
console.warn: WindowsJumpLists: "Failed to fetch favicon for " "http://the-internet.herokuapp.com/login" ({})
console.warn: WindowsJumpLists: "Failed to fetch favicon for " "http://the-internet.herokuapp.com/login" ({})
console.warn: WindowsJumpLists: "Failed to fetch favicon for " "http://the-internet.herokuapp.com/login" ({})
console.warn: WindowsJumpLists: "Failed to fetch favicon for " "http://the-internet.herokuapp.com/login" ({})
console.warn: WindowsJumpLists: "Failed to fetch favicon for " "http://the-internet.herokuapp.com/login" ({})
console.warn: WindowsJumpLists: "Failed to fetch favicon for " "http://the-internet.herokuapp.com/login" ({})
console.warn: WindowsJumpLists: "Failed to fetch favicon for " "http://the-internet.herokuapp.com/login" ({})
console.warn: WindowsJumpLists: "Failed to fetch favicon for " "http://the-internet.herokuapp.com/login" ({})
console.warn: WindowsJumpLists: "Failed to fetch favicon for " "http://the-internet.herokuapp.com/login" ({})
console.warn: WindowsJumpLists: "Failed to fetch favicon for " "http://the-internet.herokuapp.com/login" ({})
console.warn: WindowsJumpLists: "Failed to fetch favicon for " "http://the-internet.herokuapp.com/login" ({})
console.warn: WindowsJumpLists: "Failed to fetch favicon for " "http://the-internet.herokuapp.com/login" ({})
console.warn: WindowsJumpLists: "Failed to fetch favicon for " "http://the-internet.herokuapp.com/login" ({})
console.warn: WindowsJumpLists: "Failed to fetch favicon for " "http://the-internet.herokuapp.com/login" ({})
console.warn: WindowsJumpLists: "Failed to fetch favicon for " "http://the-internet.herokuapp.com/login" ({})
console.warn: WindowsJumpLists: "Failed to fetch favicon for " "http://the-internet.herokuapp.com/login" ({})
console.warn: WindowsJumpLists: "Failed to fetch favicon for " "http://the-internet.herokuapp.com/login" ({})
console.warn: WindowsJumpLists: "Failed to fetch favicon for " "http://the-internet.herokuapp.com/login" ({})
console.warn: WindowsJumpLists: "Failed to fetch favicon for " "http://the-internet.herokuapp.com/login" ({})
console.warn: WindowsJumpLists: "Failed to fetch favicon for " "http://the-internet.herokuapp.com/login" ({})
console.warn: WindowsJumpLists: "Failed to fetch favicon for " "http://the-internet.herokuapp.com/login" ({})
JavaScript error: , line 0: NS_ERROR_NOT_AVAILABLE
console.warn: WindowsJumpLists: "Failed to fetch favicon for " "http://the-internet.herokuapp.com/login" ({})
console.warn: WindowsJumpLists: "Failed to fetch favicon for " "http://the-internet.herokuapp.com/login" ({})
console.warn: WindowsJumpLists: "Failed to fetch favicon for " "http://the-internet.herokuapp.com/login" ({})
console.warn: WindowsJumpLists: "Failed to fetch favicon for " "http://the-internet.herokuapp.com/login" ({})
console.warn: WindowsJumpLists: "Failed to fetch favicon for " "http://the-internet.herokuapp.com/login" ({})
console.warn: WindowsJumpLists: "Failed to fetch favicon for " "http://the-internet.herokuapp.com/login" ({})
console.warn: WindowsJumpLists: "Failed to fetch favicon for " "http://the-internet.herokuapp.com/login" ({})
console.warn: WindowsJumpLists: "Failed to fetch favicon for " "http://the-internet.herokuapp.com/login" ({})
console.warn: WindowsJumpLists: "Failed to fetch favicon for " "http://the-internet.herokuapp.com/login" ({})
console.warn: WindowsJumpLists: "Failed to fetch favicon for " "http://the-internet.herokuapp.com/login" ({})
console.warn: WindowsJumpLists: "Failed to fetch favicon for " "http://the-internet.herokuapp.com/login" ({})
console.warn: WindowsJumpLists: "Failed to fetch favicon for " "http://the-internet.herokuapp.com/login" ({})
console.warn: WindowsJumpLists: "Failed to fetch favicon for " "http://the-internet.herokuapp.com/login" ({})
console.warn: WindowsJumpLists: "Failed to fetch favicon for " "http://the-internet.herokuapp.com/login" ({})
console.warn: WindowsJumpLists: "Failed to fetch favicon for " "http://the-internet.herokuapp.com/login" ({})
console.warn: WindowsJumpLists: "Failed to fetch favicon for " "http://the-internet.herokuapp.com/login" ({})
console.warn: WindowsJumpLists: "Failed to fetch favicon for " "http://the-internet.herokuapp.com/login" ({})
console.warn: WindowsJumpLists: "Failed to fetch favicon for " "http://the-internet.herokuapp.com/login" ({})
console.warn: WindowsJumpLists: "Failed to fetch favicon for " "http://the-internet.herokuapp.com/login" ({})
console.warn: WindowsJumpLists: "Failed to fetch favicon for " "http://the-internet.herokuapp.com/login" ({})
console.warn: WindowsJumpLists: "Failed to fetch favicon for " "http://the-internet.herokuapp.com/login" ({})
console.warn: WindowsJumpLists: "Failed to fetch favicon for " "http://the-internet.herokuapp.com/login" ({})
console.warn: WindowsJumpLists: "Failed to fetch favicon for " "http://the-internet.herokuapp.com/login" ({})
console.warn: WindowsJumpLists: "Failed to fetch favicon for " "http://the-internet.herokuapp.com/login" ({})
console.warn: WindowsJumpLists: "Failed to fetch favicon for " "http://the-internet.herokuapp.com/login" ({})
console.warn: WindowsJumpLists: "Failed to fetch favicon for " "http://the-internet.herokuapp.com/login" ({})
console.warn: WindowsJumpLists: "Failed to fetch favicon for " "http://the-internet.herokuapp.com/login" ({})
console.warn: WindowsJumpLists: "Failed to fetch favicon for " "http://the-internet.herokuapp.com/login" ({})
console.warn: WindowsJumpLists: "Failed to fetch favicon for " "http://the-internet.herokuapp.com/login" ({})
console.warn: WindowsJumpLists: "Failed to fetch favicon for " "http://the-internet.herokuapp.com/login" ({})
console.warn: WindowsJumpLists: "Failed to fetch favicon for " "http://the-internet.herokuapp.com/login" ({})
console.warn: WindowsJumpLists: "Failed to fetch favicon for " "http://the-internet.herokuapp.com/login" ({})
console.warn: WindowsJumpLists: "Failed to fetch favicon for " "http://the-internet.herokuapp.com/login" ({})
console.warn: WindowsJumpLists: "Failed to fetch favicon for " "http://the-internet.herokuapp.com/login" ({})
console.warn: WindowsJumpLists: "Failed to fetch favicon for " "http://the-internet.herokuapp.com/login" ({})
console.warn: WindowsJumpLists: "Failed to fetch favicon for " "http://the-internet.herokuapp.com/login" ({})
console.warn: WindowsJumpLists: "Failed to fetch favicon for " "http://the-internet.herokuapp.com/login" ({})
console.warn: WindowsJumpLists: "Failed to fetch favicon for " "http://the-internet.herokuapp.com/login" ({})
console.warn: WindowsJumpLists: "Failed to fetch favicon for " "http://the-internet.herokuapp.com/login" ({})
console.warn: WindowsJumpLists: "Failed to fetch favicon for " "http://the-internet.herokuapp.com/login" ({})
console.warn: WindowsJumpLists: "Failed to fetch favicon for " "http://the-internet.herokuapp.com/login" ({})
console.warn: WindowsJumpLists: "Failed to fetch favicon for " "http://the-internet.herokuapp.com/login" ({})
