1744109231055	geckodriver	INFO	Listening on 127.0.0.1:53384
1744109234091	mozrunner::runner	INFO	Running command: "C:\\Users\\PeeBaNko\\.cache\\selenium\\firefox\\win64\\137.0\\firefox.exe" "--marionette" "--remote-debuggi ... "--remote-allow-hosts" "localhost" "-no-remote" "-profile" "C:\\Users\\PeeBaNko\\AppData\\Local\\Temp\\rust_mozprofiletJ8S2N"
console.warn: services.settings: Ignoring preference override of remote settings server
console.warn: services.settings: Allow by setting MOZ_REMOTE_SETTINGS_DEVTOOLS=1 in the environment
Dynamically enable window occlusion 0
1744109234234	Marionette	INFO	Marionette enabled
1744109234286	Marionette	INFO	Listening on port 53395
WebDriver BiDi listening on ws://127.0.0.1:53385
Read port: 53395
1744109234348	RemoteAgent	WARN	TLS certificate errors will be ignored for this session
DevTools listening on ws://127.0.0.1:53385/devtools/browser/7f8cf4a8-0498-4244-8981-81cee7202376
console.warn: LoginRecipes: "Falling back to a synchronous message for: http://the-internet.herokuapp.com."
console.warn: LoginRecipes: "Falling back to a synchronous message for: http://the-internet.herokuapp.com."
console.warn: WindowsJumpLists: "Failed to fetch favicon for " "http://the-internet.herokuapp.com/login" ({})
console.warn: WindowsJumpLists: "Failed to fetch favicon for " "http://the-internet.herokuapp.com/login" ({})
console.warn: WindowsJumpLists: "Failed to fetch favicon for " "http://the-internet.herokuapp.com/login" ({})
console.warn: WindowsJumpLists: "Failed to fetch favicon for " "http://the-internet.herokuapp.com/login" ({})
console.warn: WindowsJumpLists: "Failed to fetch favicon for " "http://the-internet.herokuapp.com/login" ({})
console.warn: WindowsJumpLists: "Failed to fetch favicon for " "http://the-internet.herokuapp.com/login" ({})
console.warn: WindowsJumpLists: "Failed to fetch favicon for " "http://the-internet.herokuapp.com/login" ({})
console.warn: WindowsJumpLists: "Failed to fetch favicon for " "http://the-internet.herokuapp.com/login" ({})
console.warn: WindowsJumpLists: "Failed to fetch favicon for " "http://the-internet.herokuapp.com/login" ({})
console.warn: WindowsJumpLists: "Failed to fetch favicon for " "http://the-internet.herokuapp.com/login" ({})
console.warn: WindowsJumpLists: "Failed to fetch favicon for " "http://the-internet.herokuapp.com/login" ({})
console.warn: WindowsJumpLists: "Failed to fetch favicon for " "http://the-internet.herokuapp.com/login" ({})
console.warn: WindowsJumpLists: "Failed to fetch favicon for " "http://the-internet.herokuapp.com/login" ({})
console.warn: WindowsJumpLists: "Failed to fetch favicon for " "http://the-internet.herokuapp.com/login" ({})
console.warn: WindowsJumpLists: "Failed to fetch favicon for " "http://the-internet.herokuapp.com/login" ({})
console.warn: WindowsJumpLists: "Failed to fetch favicon for " "http://the-internet.herokuapp.com/login" ({})
console.warn: WindowsJumpLists: "Failed to fetch favicon for " "http://the-internet.herokuapp.com/login" ({})
console.warn: WindowsJumpLists: "Failed to fetch favicon for " "http://the-internet.herokuapp.com/login" ({})
console.warn: WindowsJumpLists: "Failed to fetch favicon for " "http://the-internet.herokuapp.com/login" ({})
console.warn: WindowsJumpLists: "Failed to fetch favicon for " "http://the-internet.herokuapp.com/login" ({})
console.warn: WindowsJumpLists: "Failed to fetch favicon for " "http://the-internet.herokuapp.com/login" ({})
console.warn: WindowsJumpLists: "Failed to fetch favicon for " "http://the-internet.herokuapp.com/login" ({})
console.warn: WindowsJumpLists: "Failed to fetch favicon for " "http://the-internet.herokuapp.com/login" ({})
console.warn: WindowsJumpLists: "Failed to fetch favicon for " "http://the-internet.herokuapp.com/login" ({})
console.warn: WindowsJumpLists: "Failed to fetch favicon for " "http://the-internet.herokuapp.com/login" ({})
console.warn: WindowsJumpLists: "Failed to fetch favicon for " "http://the-internet.herokuapp.com/login" ({})
console.warn: WindowsJumpLists: "Failed to fetch favicon for " "http://the-internet.herokuapp.com/login" ({})
console.warn: WindowsJumpLists: "Failed to fetch favicon for " "http://the-internet.herokuapp.com/login" ({})
console.warn: WindowsJumpLists: "Failed to fetch favicon for " "http://the-internet.herokuapp.com/login" ({})
console.warn: WindowsJumpLists: "Failed to fetch favicon for " "http://the-internet.herokuapp.com/login" ({})
JavaScript error: , line 0: NS_ERROR_NOT_AVAILABLE
console.warn: WindowsJumpLists: "Failed to fetch favicon for " "http://the-internet.herokuapp.com/login" ({})
console.warn: WindowsJumpLists: "Failed to fetch favicon for " "http://the-internet.herokuapp.com/login" ({})
console.warn: WindowsJumpLists: "Failed to fetch favicon for " "http://the-internet.herokuapp.com/login" ({})
console.warn: WindowsJumpLists: "Failed to fetch favicon for " "http://the-internet.herokuapp.com/login" ({})
console.warn: WindowsJumpLists: "Failed to fetch favicon for " "http://the-internet.herokuapp.com/login" ({})
console.warn: WindowsJumpLists: "Failed to fetch favicon for " "http://the-internet.herokuapp.com/login" ({})
console.warn: WindowsJumpLists: "Failed to fetch favicon for " "http://the-internet.herokuapp.com/login" ({})
console.warn: WindowsJumpLists: "Failed to fetch favicon for " "http://the-internet.herokuapp.com/login" ({})
console.warn: WindowsJumpLists: "Failed to fetch favicon for " "http://the-internet.herokuapp.com/login" ({})
console.warn: WindowsJumpLists: "Failed to fetch favicon for " "http://the-internet.herokuapp.com/login" ({})
console.warn: WindowsJumpLists: "Failed to fetch favicon for " "http://the-internet.herokuapp.com/login" ({})
console.warn: WindowsJumpLists: "Failed to fetch favicon for " "http://the-internet.herokuapp.com/login" ({})
console.warn: WindowsJumpLists: "Failed to fetch favicon for " "http://the-internet.herokuapp.com/login" ({})
console.warn: WindowsJumpLists: "Failed to fetch favicon for " "http://the-internet.herokuapp.com/login" ({})
console.warn: WindowsJumpLists: "Failed to fetch favicon for " "http://the-internet.herokuapp.com/login" ({})
console.warn: WindowsJumpLists: "Failed to fetch favicon for " "http://the-internet.herokuapp.com/login" ({})
console.warn: WindowsJumpLists: "Failed to fetch favicon for " "http://the-internet.herokuapp.com/login" ({})
console.warn: WindowsJumpLists: "Failed to fetch favicon for " "http://the-internet.herokuapp.com/login" ({})
console.warn: WindowsJumpLists: "Failed to fetch favicon for " "http://the-internet.herokuapp.com/login" ({})
console.warn: WindowsJumpLists: "Failed to fetch favicon for " "http://the-internet.herokuapp.com/login" ({})
console.warn: WindowsJumpLists: "Failed to fetch favicon for " "http://the-internet.herokuapp.com/login" ({})
console.warn: WindowsJumpLists: "Failed to fetch favicon for " "http://the-internet.herokuapp.com/login" ({})
console.warn: WindowsJumpLists: "Failed to fetch favicon for " "http://the-internet.herokuapp.com/login" ({})
console.warn: WindowsJumpLists: "Failed to fetch favicon for " "http://the-internet.herokuapp.com/login" ({})
console.warn: WindowsJumpLists: "Failed to fetch favicon for " "http://the-internet.herokuapp.com/login" ({})
console.warn: WindowsJumpLists: "Failed to fetch favicon for " "http://the-internet.herokuapp.com/login" ({})
console.warn: WindowsJumpLists: "Failed to fetch favicon for " "http://the-internet.herokuapp.com/login" ({})
console.warn: WindowsJumpLists: "Failed to fetch favicon for " "http://the-internet.herokuapp.com/login" ({})
console.warn: WindowsJumpLists: "Failed to fetch favicon for " "http://the-internet.herokuapp.com/login" ({})
console.warn: WindowsJumpLists: "Failed to fetch favicon for " "http://the-internet.herokuapp.com/login" ({})
console.warn: WindowsJumpLists: "Failed to fetch favicon for " "http://the-internet.herokuapp.com/login" ({})
console.warn: WindowsJumpLists: "Failed to fetch favicon for " "http://the-internet.herokuapp.com/login" ({})
console.warn: WindowsJumpLists: "Failed to fetch favicon for " "http://the-internet.herokuapp.com/login" ({})
console.warn: WindowsJumpLists: "Failed to fetch favicon for " "http://the-internet.herokuapp.com/login" ({})
console.warn: WindowsJumpLists: "Failed to fetch favicon for " "http://the-internet.herokuapp.com/login" ({})
console.warn: WindowsJumpLists: "Failed to fetch favicon for " "http://the-internet.herokuapp.com/login" ({})
console.warn: WindowsJumpLists: "Failed to fetch favicon for " "http://the-internet.herokuapp.com/login" ({})
console.warn: WindowsJumpLists: "Failed to fetch favicon for " "http://the-internet.herokuapp.com/login" ({})
console.warn: WindowsJumpLists: "Failed to fetch favicon for " "http://the-internet.herokuapp.com/login" ({})
console.warn: WindowsJumpLists: "Failed to fetch favicon for " "http://the-internet.herokuapp.com/login" ({})
console.warn: WindowsJumpLists: "Failed to fetch favicon for " "http://the-internet.herokuapp.com/login" ({})
console.warn: WindowsJumpLists: "Failed to fetch favicon for " "http://the-internet.herokuapp.com/login" ({})
