1744108229282	geckodriver	INFO	Listening on 127.0.0.1:51551
1744108232331	mozrunner::runner	INFO	Running command: "C:\\Users\\PeeBaNko\\.cache\\selenium\\firefox\\win64\\137.0\\firefox.exe" "--marionette" "--remote-debuggi ... "--remote-allow-hosts" "localhost" "-no-remote" "-profile" "C:\\Users\\PeeBaNko\\AppData\\Local\\Temp\\rust_mozprofileH6OuDx"
console.warn: services.settings: Ignoring preference override of remote settings server
console.warn: services.settings: Allow by setting MOZ_REMOTE_SETTINGS_DEVTOOLS=1 in the environment
Dynamically enable window occlusion 0
1744108232475	Marionette	INFO	Marionette enabled
1744108232527	Marionette	INFO	Listening on port 51561
Read port: 51561
WebDriver BiDi listening on ws://127.0.0.1:51552
1744108232553	RemoteAgent	WARN	TLS certificate errors will be ignored for this session
DevTools listening on ws://127.0.0.1:51552/devtools/browser/f4ca2f75-7fbc-48da-b1f4-378170dfba2e
console.warn: LoginRecipes: "Falling back to a synchronous message for: http://the-internet.herokuapp.com."
console.warn: LoginRecipes: "Falling back to a synchronous message for: http://the-internet.herokuapp.com."
console.warn: WindowsJumpLists: "Failed to fetch favicon for " "http://the-internet.herokuapp.com/login" ({})
console.warn: WindowsJumpLists: "Failed to fetch favicon for " "http://the-internet.herokuapp.com/login" ({})
console.warn: WindowsJumpLists: "Failed to fetch favicon for " "http://the-internet.herokuapp.com/login" ({})
console.warn: WindowsJumpLists: "Failed to fetch favicon for " "http://the-internet.herokuapp.com/login" ({})
console.warn: WindowsJumpLists: "Failed to fetch favicon for " "http://the-internet.herokuapp.com/login" ({})
console.warn: WindowsJumpLists: "Failed to fetch favicon for " "http://the-internet.herokuapp.com/login" ({})
console.warn: WindowsJumpLists: "Failed to fetch favicon for " "http://the-internet.herokuapp.com/login" ({})
console.warn: WindowsJumpLists: "Failed to fetch favicon for " "http://the-internet.herokuapp.com/login" ({})
console.warn: WindowsJumpLists: "Failed to fetch favicon for " "http://the-internet.herokuapp.com/login" ({})
console.warn: WindowsJumpLists: "Failed to fetch favicon for " "http://the-internet.herokuapp.com/login" ({})
console.warn: WindowsJumpLists: "Failed to fetch favicon for " "http://the-internet.herokuapp.com/login" ({})
console.warn: WindowsJumpLists: "Failed to fetch favicon for " "http://the-internet.herokuapp.com/login" ({})
console.warn: WindowsJumpLists: "Failed to fetch favicon for " "http://the-internet.herokuapp.com/login" ({})
console.warn: WindowsJumpLists: "Failed to fetch favicon for " "http://the-internet.herokuapp.com/login" ({})
console.warn: WindowsJumpLists: "Failed to fetch favicon for " "http://the-internet.herokuapp.com/login" ({})
console.warn: WindowsJumpLists: "Failed to fetch favicon for " "http://the-internet.herokuapp.com/login" ({})
console.warn: WindowsJumpLists: "Failed to fetch favicon for " "http://the-internet.herokuapp.com/login" ({})
console.warn: WindowsJumpLists: "Failed to fetch favicon for " "http://the-internet.herokuapp.com/login" ({})
console.warn: WindowsJumpLists: "Failed to fetch favicon for " "http://the-internet.herokuapp.com/login" ({})
console.warn: WindowsJumpLists: "Failed to fetch favicon for " "http://the-internet.herokuapp.com/login" ({})
console.warn: WindowsJumpLists: "Failed to fetch favicon for " "http://the-internet.herokuapp.com/login" ({})
console.warn: WindowsJumpLists: "Failed to fetch favicon for " "http://the-internet.herokuapp.com/login" ({})
console.warn: WindowsJumpLists: "Failed to fetch favicon for " "http://the-internet.herokuapp.com/login" ({})
console.warn: WindowsJumpLists: "Failed to fetch favicon for " "http://the-internet.herokuapp.com/login" ({})
console.warn: WindowsJumpLists: "Failed to fetch favicon for " "http://the-internet.herokuapp.com/login" ({})
console.warn: WindowsJumpLists: "Failed to fetch favicon for " "http://the-internet.herokuapp.com/login" ({})
console.warn: WindowsJumpLists: "Failed to fetch favicon for " "http://the-internet.herokuapp.com/login" ({})
console.warn: WindowsJumpLists: "Failed to fetch favicon for " "http://the-internet.herokuapp.com/login" ({})
console.warn: WindowsJumpLists: "Failed to fetch favicon for " "http://the-internet.herokuapp.com/login" ({})
console.warn: WindowsJumpLists: "Failed to fetch favicon for " "http://the-internet.herokuapp.com/login" ({})
JavaScript error: , line 0: NS_ERROR_NOT_AVAILABLE
console.warn: WindowsJumpLists: "Failed to fetch favicon for " "http://the-internet.herokuapp.com/login" ({})
console.warn: WindowsJumpLists: "Failed to fetch favicon for " "http://the-internet.herokuapp.com/login" ({})
console.warn: WindowsJumpLists: "Failed to fetch favicon for " "http://the-internet.herokuapp.com/login" ({})
console.warn: WindowsJumpLists: "Failed to fetch favicon for " "http://the-internet.herokuapp.com/login" ({})
console.warn: WindowsJumpLists: "Failed to fetch favicon for " "http://the-internet.herokuapp.com/login" ({})
console.warn: WindowsJumpLists: "Failed to fetch favicon for " "http://the-internet.herokuapp.com/login" ({})
console.warn: WindowsJumpLists: "Failed to fetch favicon for " "http://the-internet.herokuapp.com/login" ({})
console.warn: WindowsJumpLists: "Failed to fetch favicon for " "http://the-internet.herokuapp.com/login" ({})
console.warn: WindowsJumpLists: "Failed to fetch favicon for " "http://the-internet.herokuapp.com/login" ({})
console.warn: WindowsJumpLists: "Failed to fetch favicon for " "http://the-internet.herokuapp.com/login" ({})
console.warn: WindowsJumpLists: "Failed to fetch favicon for " "http://the-internet.herokuapp.com/login" ({})
console.warn: WindowsJumpLists: "Failed to fetch favicon for " "http://the-internet.herokuapp.com/login" ({})
console.warn: WindowsJumpLists: "Failed to fetch favicon for " "http://the-internet.herokuapp.com/login" ({})
console.error: "buildList failed: " ({})
console.warn: WindowsJumpLists: "Failed to fetch favicon for " "http://the-internet.herokuapp.com/login" ({})
console.warn: WindowsJumpLists: "Failed to fetch favicon for " "http://the-internet.herokuapp.com/login" ({})
console.warn: WindowsJumpLists: "Failed to fetch favicon for " "http://the-internet.herokuapp.com/login" ({})
console.warn: WindowsJumpLists: "Failed to fetch favicon for " "http://the-internet.herokuapp.com/login" ({})
console.error: "buildList failed: " ({})
console.warn: WindowsJumpLists: "Failed to fetch favicon for " "http://the-internet.herokuapp.com/login" ({})
console.warn: WindowsJumpLists: "Failed to fetch favicon for " "http://the-internet.herokuapp.com/login" ({})
console.warn: WindowsJumpLists: "Failed to fetch favicon for " "http://the-internet.herokuapp.com/login" ({})
console.warn: WindowsJumpLists: "Failed to fetch favicon for " "http://the-internet.herokuapp.com/login" ({})
console.warn: WindowsJumpLists: "Failed to fetch favicon for " "http://the-internet.herokuapp.com/login" ({})
console.warn: WindowsJumpLists: "Failed to fetch favicon for " "http://the-internet.herokuapp.com/login" ({})
console.warn: WindowsJumpLists: "Failed to fetch favicon for " "http://the-internet.herokuapp.com/login" ({})
console.warn: WindowsJumpLists: "Failed to fetch favicon for " "http://the-internet.herokuapp.com/login" ({})
console.warn: WindowsJumpLists: "Failed to fetch favicon for " "http://the-internet.herokuapp.com/login" ({})
console.warn: WindowsJumpLists: "Failed to fetch favicon for " "http://the-internet.herokuapp.com/login" ({})
console.warn: WindowsJumpLists: "Failed to fetch favicon for " "http://the-internet.herokuapp.com/login" ({})
console.warn: WindowsJumpLists: "Failed to fetch favicon for " "http://the-internet.herokuapp.com/login" ({})
console.warn: WindowsJumpLists: "Failed to fetch favicon for " "http://the-internet.herokuapp.com/login" ({})
console.warn: WindowsJumpLists: "Failed to fetch favicon for " "http://the-internet.herokuapp.com/login" ({})
console.warn: WindowsJumpLists: "Failed to fetch favicon for " "http://the-internet.herokuapp.com/login" ({})
console.warn: WindowsJumpLists: "Failed to fetch favicon for " "http://the-internet.herokuapp.com/login" ({})
console.warn: WindowsJumpLists: "Failed to fetch favicon for " "http://the-internet.herokuapp.com/login" ({})
console.warn: WindowsJumpLists: "Failed to fetch favicon for " "http://the-internet.herokuapp.com/login" ({})
console.warn: WindowsJumpLists: "Failed to fetch favicon for " "http://the-internet.herokuapp.com/login" ({})
console.warn: WindowsJumpLists: "Failed to fetch favicon for " "http://the-internet.herokuapp.com/login" ({})
console.warn: WindowsJumpLists: "Failed to fetch favicon for " "http://the-internet.herokuapp.com/login" ({})
console.warn: WindowsJumpLists: "Failed to fetch favicon for " "http://the-internet.herokuapp.com/login" ({})
console.warn: WindowsJumpLists: "Failed to fetch favicon for " "http://the-internet.herokuapp.com/login" ({})
console.warn: WindowsJumpLists: "Failed to fetch favicon for " "http://the-internet.herokuapp.com/login" ({})
console.warn: WindowsJumpLists: "Failed to fetch favicon for " "http://the-internet.herokuapp.com/login" ({})
console.warn: WindowsJumpLists: "Failed to fetch favicon for " "http://the-internet.herokuapp.com/login" ({})
console.warn: WindowsJumpLists: "Failed to fetch favicon for " "http://the-internet.herokuapp.com/login" ({})
console.warn: WindowsJumpLists: "Failed to fetch favicon for " "http://the-internet.herokuapp.com/login" ({})
console.warn: WindowsJumpLists: "Failed to fetch favicon for " "http://the-internet.herokuapp.com/login" ({})
console.warn: WindowsJumpLists: "Failed to fetch favicon for " "http://the-internet.herokuapp.com/login" ({})
console.warn: WindowsJumpLists: "Failed to fetch favicon for " "http://the-internet.herokuapp.com/login" ({})
console.warn: WindowsJumpLists: "Failed to fetch favicon for " "http://the-internet.herokuapp.com/login" ({})
console.warn: WindowsJumpLists: "Failed to fetch favicon for " "http://the-internet.herokuapp.com/login" ({})
console.warn: WindowsJumpLists: "Failed to fetch favicon for " "http://the-internet.herokuapp.com/login" ({})
